2023-03-14 13:34:11,490 DEBUG    root            Loaded Command Group: ['gcloud', 'components']
2023-03-14 13:34:11,494 DEBUG    root            Loaded Command Group: ['gcloud', 'components', 'update']
2023-03-14 13:34:11,496 DEBUG    root            Running [gcloud.components.update] with arguments: [--allow-no-backup: "True", --quiet: "True", COMPONENT-IDS:7: "['core', 'gcloud-deps', 'bq', 'gcloud', 'gcloud-crc32c', 'gsutil', 'anthoscli']"]
2023-03-14 13:34:11,497 INFO     ___FILE_ONLY___ Beginning update. This process may take several minutes.

2023-03-14 13:34:23,525 DEBUG    urllib3.connectionpool Starting new HTTPS connection (1): dl.google.com:443
2023-03-14 13:34:23,600 DEBUG    urllib3.connectionpool https://dl.google.com:443 "GET /dl/cloudsdk/channels/rapid/components-2.json HTTP/1.1" 200 206156
2023-03-14 13:34:23,613 INFO     ___FILE_ONLY___ 

2023-03-14 13:34:23,614 INFO     ___FILE_ONLY___ 
Your current Google Cloud CLI version is: 421.0.0

2023-03-14 13:34:23,614 INFO     ___FILE_ONLY___ Installing components from version: 421.0.0

2023-03-14 13:34:23,614 INFO     ___FILE_ONLY___ 

2023-03-14 13:34:23,615 DEBUG    root            Chosen display Format:table[box,title="These components will be removed."](details.display_name:label=Name:align=left,version.version_string:label=Version:align=right,data.size.size(zero="",min=1048576):label=Size:align=right)
2023-03-14 13:34:23,615 DEBUG    root            Chosen display Format:table[box,title="These components will be updated."](details.display_name:label=Name:align=left,version.version_string:label=Version:align=right,data.size.size(zero="",min=1048576):label=Size:align=right)
2023-03-14 13:34:23,616 DEBUG    root            Chosen display Format:table[box,title="These components will be installed."](details.display_name:label=Name:align=left,version.version_string:label=Version:align=right,data.size.size(zero="",min=1048576):label=Size:align=right)
2023-03-14 13:34:23,621 INFO     ___FILE_ONLY___ ┌─────────────────────────────────────────────────────────────────────────────┐
2023-03-14 13:34:23,622 INFO     ___FILE_ONLY___ 

2023-03-14 13:34:23,622 INFO     ___FILE_ONLY___ │                     These components will be installed.                     │
2023-03-14 13:34:23,622 INFO     ___FILE_ONLY___ 

2023-03-14 13:34:23,622 INFO     ___FILE_ONLY___ ├─────────────────────────────────────────────────────┬────────────┬──────────┤
2023-03-14 13:34:23,622 INFO     ___FILE_ONLY___ 

2023-03-14 13:34:23,622 INFO     ___FILE_ONLY___ │                         Name                        │  Version   │   Size   │
2023-03-14 13:34:23,622 INFO     ___FILE_ONLY___ 

2023-03-14 13:34:23,622 INFO     ___FILE_ONLY___ ├─────────────────────────────────────────────────────┼────────────┼──────────┤
2023-03-14 13:34:23,622 INFO     ___FILE_ONLY___ 

2023-03-14 13:34:23,622 INFO     ___FILE_ONLY___ │ 
2023-03-14 13:34:23,622 INFO     ___FILE_ONLY___ BigQuery Command Line Tool                         
2023-03-14 13:34:23,623 INFO     ___FILE_ONLY___  
2023-03-14 13:34:23,623 INFO     ___FILE_ONLY___ │ 
2023-03-14 13:34:23,623 INFO     ___FILE_ONLY___     2.0.87
2023-03-14 13:34:23,623 INFO     ___FILE_ONLY___  
2023-03-14 13:34:23,623 INFO     ___FILE_ONLY___ │ 
2023-03-14 13:34:23,623 INFO     ___FILE_ONLY___  1.6 MiB
2023-03-14 13:34:23,623 INFO     ___FILE_ONLY___  
2023-03-14 13:34:23,623 INFO     ___FILE_ONLY___ │
2023-03-14 13:34:23,623 INFO     ___FILE_ONLY___ 

2023-03-14 13:34:23,623 INFO     ___FILE_ONLY___ │ 
2023-03-14 13:34:23,623 INFO     ___FILE_ONLY___ BigQuery Command Line Tool (Platform Specific)     
2023-03-14 13:34:23,623 INFO     ___FILE_ONLY___  
2023-03-14 13:34:23,623 INFO     ___FILE_ONLY___ │ 
2023-03-14 13:34:23,623 INFO     ___FILE_ONLY___     2.0.77
2023-03-14 13:34:23,623 INFO     ___FILE_ONLY___  
2023-03-14 13:34:23,624 INFO     ___FILE_ONLY___ │ 
2023-03-14 13:34:23,624 INFO     ___FILE_ONLY___  < 1 MiB
2023-03-14 13:34:23,624 INFO     ___FILE_ONLY___  
2023-03-14 13:34:23,624 INFO     ___FILE_ONLY___ │
2023-03-14 13:34:23,624 INFO     ___FILE_ONLY___ 

2023-03-14 13:34:23,624 INFO     ___FILE_ONLY___ │ 
2023-03-14 13:34:23,624 INFO     ___FILE_ONLY___ Bundled Python 3.9                                 
2023-03-14 13:34:23,624 INFO     ___FILE_ONLY___  
2023-03-14 13:34:23,624 INFO     ___FILE_ONLY___ │ 
2023-03-14 13:34:23,624 INFO     ___FILE_ONLY___     3.9.16
2023-03-14 13:34:23,624 INFO     ___FILE_ONLY___  
2023-03-14 13:34:23,624 INFO     ___FILE_ONLY___ │ 
2023-03-14 13:34:23,624 INFO     ___FILE_ONLY___ 63.4 MiB
2023-03-14 13:34:23,624 INFO     ___FILE_ONLY___  
2023-03-14 13:34:23,624 INFO     ___FILE_ONLY___ │
2023-03-14 13:34:23,625 INFO     ___FILE_ONLY___ 

2023-03-14 13:34:23,625 INFO     ___FILE_ONLY___ │ 
2023-03-14 13:34:23,625 INFO     ___FILE_ONLY___ Cloud Storage Command Line Tool                    
2023-03-14 13:34:23,625 INFO     ___FILE_ONLY___  
2023-03-14 13:34:23,625 INFO     ___FILE_ONLY___ │ 
2023-03-14 13:34:23,625 INFO     ___FILE_ONLY___       5.21
2023-03-14 13:34:23,625 INFO     ___FILE_ONLY___  
2023-03-14 13:34:23,625 INFO     ___FILE_ONLY___ │ 
2023-03-14 13:34:23,625 INFO     ___FILE_ONLY___ 15.5 MiB
2023-03-14 13:34:23,625 INFO     ___FILE_ONLY___  
2023-03-14 13:34:23,625 INFO     ___FILE_ONLY___ │
2023-03-14 13:34:23,625 INFO     ___FILE_ONLY___ 

2023-03-14 13:34:23,625 INFO     ___FILE_ONLY___ │ 
2023-03-14 13:34:23,625 INFO     ___FILE_ONLY___ Cloud Storage Command Line Tool (Platform Specific)
2023-03-14 13:34:23,625 INFO     ___FILE_ONLY___  
2023-03-14 13:34:23,626 INFO     ___FILE_ONLY___ │ 
2023-03-14 13:34:23,626 INFO     ___FILE_ONLY___       5.13
2023-03-14 13:34:23,626 INFO     ___FILE_ONLY___  
2023-03-14 13:34:23,626 INFO     ___FILE_ONLY___ │ 
2023-03-14 13:34:23,626 INFO     ___FILE_ONLY___  < 1 MiB
2023-03-14 13:34:23,626 INFO     ___FILE_ONLY___  
2023-03-14 13:34:23,626 INFO     ___FILE_ONLY___ │
2023-03-14 13:34:23,626 INFO     ___FILE_ONLY___ 

2023-03-14 13:34:23,626 INFO     ___FILE_ONLY___ │ 
2023-03-14 13:34:23,626 INFO     ___FILE_ONLY___ Google Cloud CLI Core Libraries (Platform Specific)
2023-03-14 13:34:23,626 INFO     ___FILE_ONLY___  
2023-03-14 13:34:23,626 INFO     ___FILE_ONLY___ │ 
2023-03-14 13:34:23,626 INFO     ___FILE_ONLY___ 2022.09.20
2023-03-14 13:34:23,626 INFO     ___FILE_ONLY___  
2023-03-14 13:34:23,626 INFO     ___FILE_ONLY___ │ 
2023-03-14 13:34:23,627 INFO     ___FILE_ONLY___  < 1 MiB
2023-03-14 13:34:23,627 INFO     ___FILE_ONLY___  
2023-03-14 13:34:23,627 INFO     ___FILE_ONLY___ │
2023-03-14 13:34:23,627 INFO     ___FILE_ONLY___ 

2023-03-14 13:34:23,627 INFO     ___FILE_ONLY___ │ 
2023-03-14 13:34:23,627 INFO     ___FILE_ONLY___ Google Cloud CRC32C Hash Tool                      
2023-03-14 13:34:23,627 INFO     ___FILE_ONLY___  
2023-03-14 13:34:23,627 INFO     ___FILE_ONLY___ │ 
2023-03-14 13:34:23,627 INFO     ___FILE_ONLY___      1.0.0
2023-03-14 13:34:23,627 INFO     ___FILE_ONLY___  
2023-03-14 13:34:23,627 INFO     ___FILE_ONLY___ │ 
2023-03-14 13:34:23,627 INFO     ___FILE_ONLY___  1.2 MiB
2023-03-14 13:34:23,627 INFO     ___FILE_ONLY___  
2023-03-14 13:34:23,627 INFO     ___FILE_ONLY___ │
2023-03-14 13:34:23,627 INFO     ___FILE_ONLY___ 

2023-03-14 13:34:23,628 INFO     ___FILE_ONLY___ │ 
2023-03-14 13:34:23,628 INFO     ___FILE_ONLY___ anthoscli                                          
2023-03-14 13:34:23,628 INFO     ___FILE_ONLY___  
2023-03-14 13:34:23,628 INFO     ___FILE_ONLY___ │ 
2023-03-14 13:34:23,628 INFO     ___FILE_ONLY___     0.2.35
2023-03-14 13:34:23,628 INFO     ___FILE_ONLY___  
2023-03-14 13:34:23,628 INFO     ___FILE_ONLY___ │ 
2023-03-14 13:34:23,628 INFO     ___FILE_ONLY___ 68.6 MiB
2023-03-14 13:34:23,628 INFO     ___FILE_ONLY___  
2023-03-14 13:34:23,628 INFO     ___FILE_ONLY___ │
2023-03-14 13:34:23,628 INFO     ___FILE_ONLY___ 

2023-03-14 13:34:23,628 INFO     ___FILE_ONLY___ │ 
2023-03-14 13:34:23,628 INFO     ___FILE_ONLY___ gcloud cli dependencies                            
2023-03-14 13:34:23,628 INFO     ___FILE_ONLY___  
2023-03-14 13:34:23,628 INFO     ___FILE_ONLY___ │ 
2023-03-14 13:34:23,629 INFO     ___FILE_ONLY___ 2021.04.16
2023-03-14 13:34:23,629 INFO     ___FILE_ONLY___  
2023-03-14 13:34:23,629 INFO     ___FILE_ONLY___ │ 
2023-03-14 13:34:23,629 INFO     ___FILE_ONLY___  < 1 MiB
2023-03-14 13:34:23,629 INFO     ___FILE_ONLY___  
2023-03-14 13:34:23,629 INFO     ___FILE_ONLY___ │
2023-03-14 13:34:23,629 INFO     ___FILE_ONLY___ 

2023-03-14 13:34:23,629 INFO     ___FILE_ONLY___ └─────────────────────────────────────────────────────┴────────────┴──────────┘
2023-03-14 13:34:23,629 INFO     ___FILE_ONLY___ 

2023-03-14 13:34:23,629 INFO     ___FILE_ONLY___ 

2023-03-14 13:34:23,632 DEBUG    urllib3.connectionpool Starting new HTTPS connection (1): dl.google.com:443
2023-03-14 13:34:23,702 DEBUG    urllib3.connectionpool https://dl.google.com:443 "GET /dl/cloudsdk/channels/rapid/RELEASE_NOTES HTTP/1.1" 200 956633
2023-03-14 13:34:23,732 INFO     ___FILE_ONLY___ For the latest full release notes, please visit:
  https://cloud.google.com/sdk/release_notes


2023-03-14 13:34:23,738 INFO     ___FILE_ONLY___ ╔════════════════════════════════════════════════════════════╗

2023-03-14 13:34:23,738 INFO     ___FILE_ONLY___ ╠═ Creating update staging area                             ═╣

2023-03-14 13:34:23,738 INFO     ___FILE_ONLY___ ╚
2023-03-14 13:34:23,738 INFO     ___FILE_ONLY___ ══════
2023-03-14 13:34:23,738 INFO     ___FILE_ONLY___ ══════
2023-03-14 13:34:23,739 INFO     ___FILE_ONLY___ ══════
2023-03-14 13:34:23,880 INFO     ___FILE_ONLY___ ═
2023-03-14 13:34:23,937 INFO     ___FILE_ONLY___ ═
2023-03-14 13:34:23,988 INFO     ___FILE_ONLY___ ═
2023-03-14 13:34:24,034 INFO     ___FILE_ONLY___ ═
2023-03-14 13:34:24,093 INFO     ___FILE_ONLY___ ═
2023-03-14 13:34:24,157 INFO     ___FILE_ONLY___ ═
2023-03-14 13:34:24,208 INFO     ___FILE_ONLY___ ═
2023-03-14 13:34:24,258 INFO     ___FILE_ONLY___ ═
2023-03-14 13:34:24,305 INFO     ___FILE_ONLY___ ═
2023-03-14 13:34:24,360 INFO     ___FILE_ONLY___ ═
2023-03-14 13:34:24,413 INFO     ___FILE_ONLY___ ═
2023-03-14 13:34:24,471 INFO     ___FILE_ONLY___ ═
2023-03-14 13:34:24,524 INFO     ___FILE_ONLY___ ═
2023-03-14 13:34:24,569 INFO     ___FILE_ONLY___ ═
2023-03-14 13:34:24,623 INFO     ___FILE_ONLY___ ═
2023-03-14 13:34:24,693 INFO     ___FILE_ONLY___ ═
2023-03-14 13:34:24,750 INFO     ___FILE_ONLY___ ═
2023-03-14 13:34:24,819 INFO     ___FILE_ONLY___ ═
2023-03-14 13:34:24,846 INFO     ___FILE_ONLY___ ═
2023-03-14 13:34:24,871 INFO     ___FILE_ONLY___ ═
2023-03-14 13:34:24,902 INFO     ___FILE_ONLY___ ═
2023-03-14 13:34:24,933 INFO     ___FILE_ONLY___ ═
2023-03-14 13:34:24,959 INFO     ___FILE_ONLY___ ═
2023-03-14 13:34:24,987 INFO     ___FILE_ONLY___ ═
2023-03-14 13:34:25,105 INFO     ___FILE_ONLY___ ═
2023-03-14 13:34:25,149 INFO     ___FILE_ONLY___ ═
2023-03-14 13:34:25,307 INFO     ___FILE_ONLY___ ═
2023-03-14 13:34:25,390 INFO     ___FILE_ONLY___ ═
2023-03-14 13:34:25,426 INFO     ___FILE_ONLY___ ═
2023-03-14 13:34:25,471 INFO     ___FILE_ONLY___ ═
2023-03-14 13:34:25,521 INFO     ___FILE_ONLY___ ═
2023-03-14 13:34:25,570 INFO     ___FILE_ONLY___ ═
2023-03-14 13:34:25,619 INFO     ___FILE_ONLY___ ═
2023-03-14 13:34:25,675 INFO     ___FILE_ONLY___ ═
2023-03-14 13:34:25,749 INFO     ___FILE_ONLY___ ═
2023-03-14 13:34:25,806 INFO     ___FILE_ONLY___ ═
2023-03-14 13:34:25,856 INFO     ___FILE_ONLY___ ═
2023-03-14 13:34:25,919 INFO     ___FILE_ONLY___ ═
2023-03-14 13:34:25,975 INFO     ___FILE_ONLY___ ═
2023-03-14 13:34:26,038 INFO     ___FILE_ONLY___ ═
2023-03-14 13:34:26,160 INFO     ___FILE_ONLY___ ═
2023-03-14 13:34:26,205 INFO     ___FILE_ONLY___ ═
2023-03-14 13:34:26,205 INFO     ___FILE_ONLY___ ╝

2023-03-14 13:34:26,383 INFO     ___FILE_ONLY___ ╔════════════════════════════════════════════════════════════╗

2023-03-14 13:34:26,383 INFO     ___FILE_ONLY___ ╠═ Installing: BigQuery Command Line Tool                   ═╣

2023-03-14 13:34:26,384 INFO     ___FILE_ONLY___ ╚
2023-03-14 13:34:26,388 DEBUG    urllib3.connectionpool Starting new HTTPS connection (1): dl.google.com:443
2023-03-14 13:34:26,463 DEBUG    urllib3.connectionpool https://dl.google.com:443 "GET /dl/cloudsdk/channels/rapid/components/google-cloud-sdk-bq-20230303155151.tar.gz HTTP/1.1" 200 1700317
2023-03-14 13:34:26,476 INFO     ___FILE_ONLY___ ═
2023-03-14 13:34:26,476 INFO     ___FILE_ONLY___ ═
2023-03-14 13:34:26,476 INFO     ___FILE_ONLY___ ═
2023-03-14 13:34:26,476 INFO     ___FILE_ONLY___ ═
2023-03-14 13:34:26,476 INFO     ___FILE_ONLY___ ═
2023-03-14 13:34:26,477 INFO     ___FILE_ONLY___ ═
2023-03-14 13:34:26,477 INFO     ___FILE_ONLY___ ═
2023-03-14 13:34:26,477 INFO     ___FILE_ONLY___ ═
2023-03-14 13:34:26,477 INFO     ___FILE_ONLY___ ═
2023-03-14 13:34:26,478 INFO     ___FILE_ONLY___ ═
2023-03-14 13:34:26,478 INFO     ___FILE_ONLY___ ═
2023-03-14 13:34:26,478 INFO     ___FILE_ONLY___ ═
2023-03-14 13:34:26,478 INFO     ___FILE_ONLY___ ═
2023-03-14 13:34:26,479 INFO     ___FILE_ONLY___ ═
2023-03-14 13:34:26,479 INFO     ___FILE_ONLY___ ═
2023-03-14 13:34:26,479 INFO     ___FILE_ONLY___ ═
2023-03-14 13:34:26,479 INFO     ___FILE_ONLY___ ═
2023-03-14 13:34:26,480 INFO     ___FILE_ONLY___ ═
2023-03-14 13:34:26,480 INFO     ___FILE_ONLY___ ═
2023-03-14 13:34:26,480 INFO     ___FILE_ONLY___ ═
2023-03-14 13:34:26,480 INFO     ___FILE_ONLY___ ═
2023-03-14 13:34:26,480 INFO     ___FILE_ONLY___ ═
2023-03-14 13:34:26,481 INFO     ___FILE_ONLY___ ═
2023-03-14 13:34:26,481 INFO     ___FILE_ONLY___ ═
2023-03-14 13:34:26,481 INFO     ___FILE_ONLY___ ═
2023-03-14 13:34:26,481 INFO     ___FILE_ONLY___ ═
2023-03-14 13:34:26,481 INFO     ___FILE_ONLY___ ═
2023-03-14 13:34:26,482 INFO     ___FILE_ONLY___ ═
2023-03-14 13:34:26,482 INFO     ___FILE_ONLY___ ═
2023-03-14 13:34:26,482 INFO     ___FILE_ONLY___ ═
2023-03-14 13:34:26,600 INFO     ___FILE_ONLY___ ═
2023-03-14 13:34:26,604 INFO     ___FILE_ONLY___ ═
2023-03-14 13:34:26,608 INFO     ___FILE_ONLY___ ═
2023-03-14 13:34:26,615 INFO     ___FILE_ONLY___ ═
2023-03-14 13:34:26,618 INFO     ___FILE_ONLY___ ═
2023-03-14 13:34:26,622 INFO     ___FILE_ONLY___ ═
2023-03-14 13:34:26,625 INFO     ___FILE_ONLY___ ═
2023-03-14 13:34:26,629 INFO     ___FILE_ONLY___ ═
2023-03-14 13:34:26,633 INFO     ___FILE_ONLY___ ═
2023-03-14 13:34:26,636 INFO     ___FILE_ONLY___ ═
2023-03-14 13:34:26,640 INFO     ___FILE_ONLY___ ═
2023-03-14 13:34:26,644 INFO     ___FILE_ONLY___ ═
2023-03-14 13:34:26,649 INFO     ___FILE_ONLY___ ═
2023-03-14 13:34:26,655 INFO     ___FILE_ONLY___ ═
2023-03-14 13:34:26,659 INFO     ___FILE_ONLY___ ═
2023-03-14 13:34:26,663 INFO     ___FILE_ONLY___ ═
2023-03-14 13:34:26,667 INFO     ___FILE_ONLY___ ═
2023-03-14 13:34:26,670 INFO     ___FILE_ONLY___ ═
2023-03-14 13:34:26,673 INFO     ___FILE_ONLY___ ═
2023-03-14 13:34:26,677 INFO     ___FILE_ONLY___ ═
2023-03-14 13:34:26,683 INFO     ___FILE_ONLY___ ═
2023-03-14 13:34:26,686 INFO     ___FILE_ONLY___ ═
2023-03-14 13:34:26,690 INFO     ___FILE_ONLY___ ═
2023-03-14 13:34:26,693 INFO     ___FILE_ONLY___ ═
2023-03-14 13:34:26,697 INFO     ___FILE_ONLY___ ═
2023-03-14 13:34:26,701 INFO     ___FILE_ONLY___ ═
2023-03-14 13:34:26,705 INFO     ___FILE_ONLY___ ═
2023-03-14 13:34:26,709 INFO     ___FILE_ONLY___ ═
2023-03-14 13:34:26,712 INFO     ___FILE_ONLY___ ═
2023-03-14 13:34:26,716 INFO     ___FILE_ONLY___ ═
2023-03-14 13:34:26,716 INFO     ___FILE_ONLY___ ╝

2023-03-14 13:34:26,732 INFO     ___FILE_ONLY___ ╔════════════════════════════════════════════════════════════╗

2023-03-14 13:34:26,733 INFO     ___FILE_ONLY___ ╠═ Installing: BigQuery Command Line Tool (Platform Spec... ═╣

2023-03-14 13:34:26,733 INFO     ___FILE_ONLY___ ╚
2023-03-14 13:34:26,737 DEBUG    urllib3.connectionpool Starting new HTTPS connection (1): dl.google.com:443
2023-03-14 13:34:26,807 DEBUG    urllib3.connectionpool https://dl.google.com:443 "GET /dl/cloudsdk/channels/rapid/components/google-cloud-sdk-bq-nix-20220920185015.tar.gz HTTP/1.1" 200 1837
2023-03-14 13:34:26,808 INFO     ___FILE_ONLY___ ══════════════════════════════
2023-03-14 13:34:26,809 INFO     ___FILE_ONLY___ ══════════════════════════════
2023-03-14 13:34:26,809 INFO     ___FILE_ONLY___ ╝

2023-03-14 13:34:26,824 INFO     ___FILE_ONLY___ ╔════════════════════════════════════════════════════════════╗

2023-03-14 13:34:26,824 INFO     ___FILE_ONLY___ ╠═ Installing: Bundled Python 3.9                           ═╣

2023-03-14 13:34:26,824 INFO     ___FILE_ONLY___ ╚
2023-03-14 13:34:26,828 DEBUG    urllib3.connectionpool Starting new HTTPS connection (1): dl.google.com:443
2023-03-14 13:34:26,901 DEBUG    urllib3.connectionpool https://dl.google.com:443 "GET /dl/cloudsdk/channels/rapid/components/google-cloud-sdk-bundled-python3-unix-linux-x86_64-20230303155151.tar.gz HTTP/1.1" 200 66467643
2023-03-14 13:34:27,162 INFO     ___FILE_ONLY___ ═
2023-03-14 13:34:27,164 INFO     ___FILE_ONLY___ ═
2023-03-14 13:34:27,167 INFO     ___FILE_ONLY___ ═
2023-03-14 13:34:27,169 INFO     ___FILE_ONLY___ ═
2023-03-14 13:34:27,172 INFO     ___FILE_ONLY___ ═
2023-03-14 13:34:27,174 INFO     ___FILE_ONLY___ ═
2023-03-14 13:34:27,176 INFO     ___FILE_ONLY___ ═
2023-03-14 13:34:27,179 INFO     ___FILE_ONLY___ ═
2023-03-14 13:34:27,181 INFO     ___FILE_ONLY___ ═
2023-03-14 13:34:27,184 INFO     ___FILE_ONLY___ ═
2023-03-14 13:34:27,186 INFO     ___FILE_ONLY___ ═
2023-03-14 13:34:27,188 INFO     ___FILE_ONLY___ ═
2023-03-14 13:34:27,191 INFO     ___FILE_ONLY___ ═
2023-03-14 13:34:27,193 INFO     ___FILE_ONLY___ ═
2023-03-14 13:34:27,196 INFO     ___FILE_ONLY___ ═
2023-03-14 13:34:27,198 INFO     ___FILE_ONLY___ ═
2023-03-14 13:34:27,201 INFO     ___FILE_ONLY___ ═
2023-03-14 13:34:27,203 INFO     ___FILE_ONLY___ ═
2023-03-14 13:34:27,206 INFO     ___FILE_ONLY___ ═
2023-03-14 13:34:27,208 INFO     ___FILE_ONLY___ ═
2023-03-14 13:34:27,211 INFO     ___FILE_ONLY___ ═
2023-03-14 13:34:27,213 INFO     ___FILE_ONLY___ ═
2023-03-14 13:34:27,215 INFO     ___FILE_ONLY___ ═
2023-03-14 13:34:27,218 INFO     ___FILE_ONLY___ ═
2023-03-14 13:34:27,220 INFO     ___FILE_ONLY___ ═
2023-03-14 13:34:27,223 INFO     ___FILE_ONLY___ ═
2023-03-14 13:34:27,226 INFO     ___FILE_ONLY___ ═
2023-03-14 13:34:27,228 INFO     ___FILE_ONLY___ ═
2023-03-14 13:34:27,231 INFO     ___FILE_ONLY___ ═
2023-03-14 13:34:27,234 INFO     ___FILE_ONLY___ ═
2023-03-14 13:34:29,139 INFO     ___FILE_ONLY___ ═
2023-03-14 13:34:29,151 INFO     ___FILE_ONLY___ ═
2023-03-14 13:34:29,166 INFO     ___FILE_ONLY___ ═
2023-03-14 13:34:29,180 INFO     ___FILE_ONLY___ ═
2023-03-14 13:34:29,192 INFO     ___FILE_ONLY___ ═
2023-03-14 13:34:29,210 INFO     ___FILE_ONLY___ ═
2023-03-14 13:34:29,227 INFO     ___FILE_ONLY___ ═
2023-03-14 13:34:29,249 INFO     ___FILE_ONLY___ ═
2023-03-14 13:34:29,263 INFO     ___FILE_ONLY___ ═
2023-03-14 13:34:29,279 INFO     ___FILE_ONLY___ ═
2023-03-14 13:34:29,297 INFO     ___FILE_ONLY___ ═
2023-03-14 13:34:29,314 INFO     ___FILE_ONLY___ ═
2023-03-14 13:34:29,430 INFO     ___FILE_ONLY___ ═
2023-03-14 13:34:29,443 INFO     ___FILE_ONLY___ ═
2023-03-14 13:34:29,489 INFO     ___FILE_ONLY___ ═
2023-03-14 13:34:29,556 INFO     ___FILE_ONLY___ ═
2023-03-14 13:34:29,579 INFO     ___FILE_ONLY___ ═
2023-03-14 13:34:29,600 INFO     ___FILE_ONLY___ ═
2023-03-14 13:34:29,618 INFO     ___FILE_ONLY___ ═
2023-03-14 13:34:29,653 INFO     ___FILE_ONLY___ ═
2023-03-14 13:34:29,667 INFO     ___FILE_ONLY___ ═
2023-03-14 13:34:29,680 INFO     ___FILE_ONLY___ ═
2023-03-14 13:34:29,695 INFO     ___FILE_ONLY___ ═
2023-03-14 13:34:29,713 INFO     ___FILE_ONLY___ ═
2023-03-14 13:34:29,731 INFO     ___FILE_ONLY___ ═
2023-03-14 13:34:29,749 INFO     ___FILE_ONLY___ ═
2023-03-14 13:34:30,379 INFO     ___FILE_ONLY___ ═
2023-03-14 13:34:30,671 INFO     ___FILE_ONLY___ ═
2023-03-14 13:34:30,682 INFO     ___FILE_ONLY___ ═
2023-03-14 13:34:30,693 INFO     ___FILE_ONLY___ ═
2023-03-14 13:34:30,694 INFO     ___FILE_ONLY___ ╝

2023-03-14 13:34:30,742 INFO     ___FILE_ONLY___ ╔════════════════════════════════════════════════════════════╗

2023-03-14 13:34:30,742 INFO     ___FILE_ONLY___ ╠═ Installing: Bundled Python 3.9                           ═╣

2023-03-14 13:34:30,742 INFO     ___FILE_ONLY___ ╚
2023-03-14 13:34:30,747 INFO     ___FILE_ONLY___ ════════════════════════════════════════════════════════════
2023-03-14 13:34:30,748 INFO     ___FILE_ONLY___ ╝

2023-03-14 13:34:30,752 INFO     ___FILE_ONLY___ ╔════════════════════════════════════════════════════════════╗

2023-03-14 13:34:30,753 INFO     ___FILE_ONLY___ ╠═ Installing: Cloud Storage Command Line Tool              ═╣

2023-03-14 13:34:30,753 INFO     ___FILE_ONLY___ ╚
2023-03-14 13:34:30,757 DEBUG    urllib3.connectionpool Starting new HTTPS connection (1): dl.google.com:443
2023-03-14 13:34:30,832 DEBUG    urllib3.connectionpool https://dl.google.com:443 "GET /dl/cloudsdk/channels/rapid/components/google-cloud-sdk-gsutil-20230303155151.tar.gz HTTP/1.1" 200 16305091
2023-03-14 13:34:30,899 INFO     ___FILE_ONLY___ ═
2023-03-14 13:34:30,900 INFO     ___FILE_ONLY___ ═
2023-03-14 13:34:30,901 INFO     ___FILE_ONLY___ ═
2023-03-14 13:34:30,901 INFO     ___FILE_ONLY___ ═
2023-03-14 13:34:30,902 INFO     ___FILE_ONLY___ ═
2023-03-14 13:34:30,903 INFO     ___FILE_ONLY___ ═
2023-03-14 13:34:30,904 INFO     ___FILE_ONLY___ ═
2023-03-14 13:34:30,904 INFO     ___FILE_ONLY___ ═
2023-03-14 13:34:30,905 INFO     ___FILE_ONLY___ ═
2023-03-14 13:34:30,906 INFO     ___FILE_ONLY___ ═
2023-03-14 13:34:30,906 INFO     ___FILE_ONLY___ ═
2023-03-14 13:34:30,907 INFO     ___FILE_ONLY___ ═
2023-03-14 13:34:30,908 INFO     ___FILE_ONLY___ ═
2023-03-14 13:34:30,908 INFO     ___FILE_ONLY___ ═
2023-03-14 13:34:30,909 INFO     ___FILE_ONLY___ ═
2023-03-14 13:34:30,909 INFO     ___FILE_ONLY___ ═
2023-03-14 13:34:30,910 INFO     ___FILE_ONLY___ ═
2023-03-14 13:34:30,911 INFO     ___FILE_ONLY___ ═
2023-03-14 13:34:30,911 INFO     ___FILE_ONLY___ ═
2023-03-14 13:34:30,912 INFO     ___FILE_ONLY___ ═
2023-03-14 13:34:30,913 INFO     ___FILE_ONLY___ ═
2023-03-14 13:34:30,913 INFO     ___FILE_ONLY___ ═
2023-03-14 13:34:30,914 INFO     ___FILE_ONLY___ ═
2023-03-14 13:34:30,915 INFO     ___FILE_ONLY___ ═
2023-03-14 13:34:30,915 INFO     ___FILE_ONLY___ ═
2023-03-14 13:34:30,916 INFO     ___FILE_ONLY___ ═
2023-03-14 13:34:30,917 INFO     ___FILE_ONLY___ ═
2023-03-14 13:34:30,917 INFO     ___FILE_ONLY___ ═
2023-03-14 13:34:30,918 INFO     ___FILE_ONLY___ ═
2023-03-14 13:34:30,919 INFO     ___FILE_ONLY___ ═
2023-03-14 13:34:32,129 INFO     ___FILE_ONLY___ ═
2023-03-14 13:34:32,168 INFO     ___FILE_ONLY___ ═
2023-03-14 13:34:32,206 INFO     ___FILE_ONLY___ ═
2023-03-14 13:34:32,242 INFO     ___FILE_ONLY___ ═
2023-03-14 13:34:32,302 INFO     ___FILE_ONLY___ ═
2023-03-14 13:34:32,353 INFO     ___FILE_ONLY___ ═
2023-03-14 13:34:32,417 INFO     ___FILE_ONLY___ ═
2023-03-14 13:34:32,464 INFO     ___FILE_ONLY___ ═
2023-03-14 13:34:32,498 INFO     ___FILE_ONLY___ ═
2023-03-14 13:34:32,541 INFO     ___FILE_ONLY___ ═
2023-03-14 13:34:32,577 INFO     ___FILE_ONLY___ ═
2023-03-14 13:34:32,628 INFO     ___FILE_ONLY___ ═
2023-03-14 13:34:32,669 INFO     ___FILE_ONLY___ ═
2023-03-14 13:34:32,715 INFO     ___FILE_ONLY___ ═
2023-03-14 13:34:32,757 INFO     ___FILE_ONLY___ ═
2023-03-14 13:34:32,790 INFO     ___FILE_ONLY___ ═
2023-03-14 13:34:32,830 INFO     ___FILE_ONLY___ ═
2023-03-14 13:34:32,876 INFO     ___FILE_ONLY___ ═
2023-03-14 13:34:32,914 INFO     ___FILE_ONLY___ ═
2023-03-14 13:34:32,957 INFO     ___FILE_ONLY___ ═
2023-03-14 13:34:32,998 INFO     ___FILE_ONLY___ ═
2023-03-14 13:34:33,038 INFO     ___FILE_ONLY___ ═
2023-03-14 13:34:33,086 INFO     ___FILE_ONLY___ ═
2023-03-14 13:34:33,126 INFO     ___FILE_ONLY___ ═
2023-03-14 13:34:33,172 INFO     ___FILE_ONLY___ ═
2023-03-14 13:34:33,218 INFO     ___FILE_ONLY___ ═
2023-03-14 13:34:33,255 INFO     ___FILE_ONLY___ ═
2023-03-14 13:34:33,289 INFO     ___FILE_ONLY___ ═
2023-03-14 13:34:33,325 INFO     ___FILE_ONLY___ ═
2023-03-14 13:34:33,376 INFO     ___FILE_ONLY___ ═
2023-03-14 13:34:33,376 INFO     ___FILE_ONLY___ ╝

2023-03-14 13:34:33,466 INFO     ___FILE_ONLY___ ╔════════════════════════════════════════════════════════════╗

2023-03-14 13:34:33,467 INFO     ___FILE_ONLY___ ╠═ Installing: Cloud Storage Command Line Tool (Platform... ═╣

2023-03-14 13:34:33,467 INFO     ___FILE_ONLY___ ╚
2023-03-14 13:34:33,471 DEBUG    urllib3.connectionpool Starting new HTTPS connection (1): dl.google.com:443
2023-03-14 13:34:33,546 DEBUG    urllib3.connectionpool https://dl.google.com:443 "GET /dl/cloudsdk/channels/rapid/components/google-cloud-sdk-gsutil-nix-20220920185015.tar.gz HTTP/1.1" 200 1851
2023-03-14 13:34:33,547 INFO     ___FILE_ONLY___ ══════════════════════════════
2023-03-14 13:34:33,549 INFO     ___FILE_ONLY___ ══════════════════════════════
2023-03-14 13:34:33,549 INFO     ___FILE_ONLY___ ╝

2023-03-14 13:34:33,561 INFO     ___FILE_ONLY___ ╔════════════════════════════════════════════════════════════╗

2023-03-14 13:34:33,561 INFO     ___FILE_ONLY___ ╠═ Installing: Default set of gcloud commands               ═╣

2023-03-14 13:34:33,561 INFO     ___FILE_ONLY___ ╚
2023-03-14 13:34:33,566 INFO     ___FILE_ONLY___ ════════════════════════════════════════════════════════════
2023-03-14 13:34:33,567 INFO     ___FILE_ONLY___ ╝

2023-03-14 13:34:33,571 INFO     ___FILE_ONLY___ ╔════════════════════════════════════════════════════════════╗

2023-03-14 13:34:33,572 INFO     ___FILE_ONLY___ ╠═ Installing: Google Cloud CLI Core Libraries (Platform... ═╣

2023-03-14 13:34:33,572 INFO     ___FILE_ONLY___ ╚
2023-03-14 13:34:33,576 DEBUG    urllib3.connectionpool Starting new HTTPS connection (1): dl.google.com:443
2023-03-14 13:34:33,648 DEBUG    urllib3.connectionpool https://dl.google.com:443 "GET /dl/cloudsdk/channels/rapid/components/google-cloud-sdk-core-nix-20220920185015.tar.gz HTTP/1.1" 200 2221
2023-03-14 13:34:33,649 INFO     ___FILE_ONLY___ ══════════════════════════════
2023-03-14 13:34:33,651 INFO     ___FILE_ONLY___ ═══════════════
2023-03-14 13:34:33,651 INFO     ___FILE_ONLY___ ═══════════════
2023-03-14 13:34:33,651 INFO     ___FILE_ONLY___ ╝

2023-03-14 13:34:33,663 INFO     ___FILE_ONLY___ ╔════════════════════════════════════════════════════════════╗

2023-03-14 13:34:33,664 INFO     ___FILE_ONLY___ ╠═ Installing: Google Cloud CRC32C Hash Tool                ═╣

2023-03-14 13:34:33,664 INFO     ___FILE_ONLY___ ╚
2023-03-14 13:34:33,669 INFO     ___FILE_ONLY___ ════════════════════════════════════════════════════════════
2023-03-14 13:34:33,669 INFO     ___FILE_ONLY___ ╝

2023-03-14 13:34:33,673 INFO     ___FILE_ONLY___ ╔════════════════════════════════════════════════════════════╗

2023-03-14 13:34:33,674 INFO     ___FILE_ONLY___ ╠═ Installing: Google Cloud CRC32C Hash Tool                ═╣

2023-03-14 13:34:33,674 INFO     ___FILE_ONLY___ ╚
2023-03-14 13:34:33,678 DEBUG    urllib3.connectionpool Starting new HTTPS connection (1): dl.google.com:443
2023-03-14 13:34:33,750 DEBUG    urllib3.connectionpool https://dl.google.com:443 "GET /dl/cloudsdk/channels/rapid/components/google-cloud-sdk-gcloud-crc32c-linux-x86_64-20221205224721.tar.gz HTTP/1.1" 200 1235322
2023-03-14 13:34:33,762 INFO     ___FILE_ONLY___ ═
2023-03-14 13:34:33,762 INFO     ___FILE_ONLY___ ═
2023-03-14 13:34:33,763 INFO     ___FILE_ONLY___ ═
2023-03-14 13:34:33,763 INFO     ___FILE_ONLY___ ═
2023-03-14 13:34:33,763 INFO     ___FILE_ONLY___ ═
2023-03-14 13:34:33,763 INFO     ___FILE_ONLY___ ═
2023-03-14 13:34:33,763 INFO     ___FILE_ONLY___ ═
2023-03-14 13:34:33,763 INFO     ___FILE_ONLY___ ═
2023-03-14 13:34:33,763 INFO     ___FILE_ONLY___ ═
2023-03-14 13:34:33,763 INFO     ___FILE_ONLY___ ═
2023-03-14 13:34:33,764 INFO     ___FILE_ONLY___ ═
2023-03-14 13:34:33,764 INFO     ___FILE_ONLY___ ═
2023-03-14 13:34:33,764 INFO     ___FILE_ONLY___ ═
2023-03-14 13:34:33,764 INFO     ___FILE_ONLY___ ═
2023-03-14 13:34:33,764 INFO     ___FILE_ONLY___ ═
2023-03-14 13:34:33,764 INFO     ___FILE_ONLY___ ═
2023-03-14 13:34:33,764 INFO     ___FILE_ONLY___ ═
2023-03-14 13:34:33,764 INFO     ___FILE_ONLY___ ═
2023-03-14 13:34:33,765 INFO     ___FILE_ONLY___ ═
2023-03-14 13:34:33,765 INFO     ___FILE_ONLY___ ═
2023-03-14 13:34:33,765 INFO     ___FILE_ONLY___ ═
2023-03-14 13:34:33,765 INFO     ___FILE_ONLY___ ═
2023-03-14 13:34:33,765 INFO     ___FILE_ONLY___ ═
2023-03-14 13:34:33,765 INFO     ___FILE_ONLY___ ═
2023-03-14 13:34:33,765 INFO     ___FILE_ONLY___ ═
2023-03-14 13:34:33,765 INFO     ___FILE_ONLY___ ═
2023-03-14 13:34:33,765 INFO     ___FILE_ONLY___ ═
2023-03-14 13:34:33,766 INFO     ___FILE_ONLY___ ═
2023-03-14 13:34:33,766 INFO     ___FILE_ONLY___ ═
2023-03-14 13:34:33,766 INFO     ___FILE_ONLY___ ═
2023-03-14 13:34:33,799 INFO     ___FILE_ONLY___ ═══════════════
2023-03-14 13:34:33,800 INFO     ___FILE_ONLY___ ═══════════════
2023-03-14 13:34:33,800 INFO     ___FILE_ONLY___ ╝

2023-03-14 13:34:33,812 INFO     ___FILE_ONLY___ ╔════════════════════════════════════════════════════════════╗

2023-03-14 13:34:33,812 INFO     ___FILE_ONLY___ ╠═ Installing: anthoscli                                    ═╣

2023-03-14 13:34:33,812 INFO     ___FILE_ONLY___ ╚
2023-03-14 13:34:33,816 DEBUG    urllib3.connectionpool Starting new HTTPS connection (1): dl.google.com:443
2023-03-14 13:34:33,892 DEBUG    urllib3.connectionpool https://dl.google.com:443 "GET /dl/cloudsdk/channels/rapid/components/google-cloud-sdk-anthoscli-linux-x86_64-20230213205029.tar.gz HTTP/1.1" 200 71957154
2023-03-14 13:34:34,170 INFO     ___FILE_ONLY___ ═
2023-03-14 13:34:34,173 INFO     ___FILE_ONLY___ ═
2023-03-14 13:34:34,176 INFO     ___FILE_ONLY___ ═
2023-03-14 13:34:34,178 INFO     ___FILE_ONLY___ ═
2023-03-14 13:34:34,181 INFO     ___FILE_ONLY___ ═
2023-03-14 13:34:34,184 INFO     ___FILE_ONLY___ ═
2023-03-14 13:34:34,186 INFO     ___FILE_ONLY___ ═
2023-03-14 13:34:34,189 INFO     ___FILE_ONLY___ ═
2023-03-14 13:34:34,191 INFO     ___FILE_ONLY___ ═
2023-03-14 13:34:34,194 INFO     ___FILE_ONLY___ ═
2023-03-14 13:34:34,197 INFO     ___FILE_ONLY___ ═
2023-03-14 13:34:34,199 INFO     ___FILE_ONLY___ ═
2023-03-14 13:34:34,202 INFO     ___FILE_ONLY___ ═
2023-03-14 13:34:34,204 INFO     ___FILE_ONLY___ ═
2023-03-14 13:34:34,207 INFO     ___FILE_ONLY___ ═
2023-03-14 13:34:34,210 INFO     ___FILE_ONLY___ ═
2023-03-14 13:34:34,212 INFO     ___FILE_ONLY___ ═
2023-03-14 13:34:34,215 INFO     ___FILE_ONLY___ ═
2023-03-14 13:34:34,217 INFO     ___FILE_ONLY___ ═
2023-03-14 13:34:34,220 INFO     ___FILE_ONLY___ ═
2023-03-14 13:34:34,223 INFO     ___FILE_ONLY___ ═
2023-03-14 13:34:34,225 INFO     ___FILE_ONLY___ ═
2023-03-14 13:34:34,228 INFO     ___FILE_ONLY___ ═
2023-03-14 13:34:34,230 INFO     ___FILE_ONLY___ ═
2023-03-14 13:34:34,233 INFO     ___FILE_ONLY___ ═
2023-03-14 13:34:34,236 INFO     ___FILE_ONLY___ ═
2023-03-14 13:34:34,238 INFO     ___FILE_ONLY___ ═
2023-03-14 13:34:34,241 INFO     ___FILE_ONLY___ ═
2023-03-14 13:34:34,243 INFO     ___FILE_ONLY___ ═
2023-03-14 13:34:34,246 INFO     ___FILE_ONLY___ ═
2023-03-14 13:34:36,491 INFO     ___FILE_ONLY___ ══════════
2023-03-14 13:34:36,496 INFO     ___FILE_ONLY___ ═════════
2023-03-14 13:34:36,523 INFO     ___FILE_ONLY___ ═══════════
2023-03-14 13:34:36,523 INFO     ___FILE_ONLY___ ╝

2023-03-14 13:34:36,548 INFO     ___FILE_ONLY___ ╔════════════════════════════════════════════════════════════╗

2023-03-14 13:34:36,549 INFO     ___FILE_ONLY___ ╠═ Installing: anthoscli                                    ═╣

2023-03-14 13:34:36,549 INFO     ___FILE_ONLY___ ╚
2023-03-14 13:34:36,554 INFO     ___FILE_ONLY___ ════════════════════════════════════════════════════════════
2023-03-14 13:34:36,554 INFO     ___FILE_ONLY___ ╝

2023-03-14 13:34:36,558 INFO     ___FILE_ONLY___ ╔════════════════════════════════════════════════════════════╗

2023-03-14 13:34:36,559 INFO     ___FILE_ONLY___ ╠═ Installing: gcloud cli dependencies                      ═╣

2023-03-14 13:34:36,559 INFO     ___FILE_ONLY___ ╚
2023-03-14 13:34:36,563 DEBUG    urllib3.connectionpool Starting new HTTPS connection (1): dl.google.com:443
2023-03-14 13:34:36,636 DEBUG    urllib3.connectionpool https://dl.google.com:443 "GET /dl/cloudsdk/channels/rapid/components/google-cloud-sdk-gcloud-deps-linux-x86_64-20210416153011.tar.gz HTTP/1.1" 200 104
2023-03-14 13:34:36,637 INFO     ___FILE_ONLY___ ══════════════════════════════
2023-03-14 13:34:36,638 INFO     ___FILE_ONLY___ ══════════════════════════════
2023-03-14 13:34:36,638 INFO     ___FILE_ONLY___ ╝

2023-03-14 13:34:36,650 INFO     ___FILE_ONLY___ ╔════════════════════════════════════════════════════════════╗

2023-03-14 13:34:36,651 INFO     ___FILE_ONLY___ ╠═ Creating backup and activating new installation          ═╣

2023-03-14 13:34:36,651 INFO     ___FILE_ONLY___ ╚
2023-03-14 13:34:36,651 DEBUG    root            Attempting to move directory [/tools/google-cloud-sdk] to [/tools/google-cloud-sdk.staging/.install/.backup]
2023-03-14 13:34:36,651 INFO     ___FILE_ONLY___ ══════════════════════════════
2023-03-14 13:34:36,651 DEBUG    root            Attempting to move directory [/tools/google-cloud-sdk.staging] to [/tools/google-cloud-sdk]
2023-03-14 13:34:36,651 INFO     ___FILE_ONLY___ ══════════════════════════════
2023-03-14 13:34:36,651 INFO     ___FILE_ONLY___ ╝

2023-03-14 13:34:36,656 DEBUG    root            Updating notification cache...
2023-03-14 13:34:36,657 INFO     ___FILE_ONLY___ 

2023-03-14 13:34:36,662 INFO     ___FILE_ONLY___ Performing post processing steps...
2023-03-14 13:34:36,663 DEBUG    root            Executing command: ['python3', '-S', '/tools/google-cloud-sdk/lib/gcloud.py', 'components', 'post-process']
2023-03-14 13:35:00,196 DEBUG    ___FILE_ONLY___ 
2023-03-14 13:35:00,196 DEBUG    ___FILE_ONLY___ 
2023-03-14 13:35:00,197 INFO     ___FILE_ONLY___ 
Update done!


2023-03-14 13:35:00,202 DEBUG    root            Chosen display Format:none
2023-03-14 13:35:00,202 INFO     root            Display format: "none"
